{"D:\\Machine Coding Questions\\Tic Tac Toe\\React\\src\\App.tsx": {"path":"D:\\Machine Coding Questions\\Tic Tac Toe\\React\\src\\App.tsx","statementMap":{"0":{"start":{"line":1,"column":0},"end":{"line":1,"column":36}},"1":{"start":{"line":2,"column":0},"end":{"line":2,"column":18}},"2":{"start":{"line":6,"column":2},"end":{"line":17,"column":null}},"3":{"start":{"line":20,"column":0},"end":{"line":20,"column":null}}},"fnMap":{"0":{"name":"App","decl":{"start":{"line":4,"column":9},"end":{"line":4,"column":12}},"loc":{"start":{"line":4,"column":12},"end":{"line":18,"column":1}}}},"branchMap":{},"s":{"0":1,"1":1,"2":1,"3":1},"f":{"0":1},"b":{}}
,"D:\\Machine Coding Questions\\Tic Tac Toe\\React\\src\\main.tsx": {"path":"D:\\Machine Coding Questions\\Tic Tac Toe\\React\\src\\main.tsx","statementMap":{"0":{"start":{"line":1,"column":0},"end":{"line":1,"column":34}},"1":{"start":{"line":2,"column":0},"end":{"line":2,"column":45}},"2":{"start":{"line":3,"column":0},"end":{"line":3,"column":27}},"3":{"start":{"line":4,"column":0},"end":{"line":4,"column":20}},"4":{"start":{"line":6,"column":0},"end":{"line":10,"column":null}}},"fnMap":{},"branchMap":{},"s":{"0":0,"1":0,"2":0,"3":0,"4":0},"f":{},"b":{}}
,"D:\\Machine Coding Questions\\Tic Tac Toe\\React\\src\\components\\Cell.tsx": {"path":"D:\\Machine Coding Questions\\Tic Tac Toe\\React\\src\\components\\Cell.tsx","statementMap":{"0":{"start":{"line":1,"column":0},"end":{"line":1,"column":24}},"1":{"start":{"line":10,"column":2},"end":{"line":14,"column":4}}},"fnMap":{"0":{"name":"Cell","decl":{"start":{"line":1,"column":24},"end":{"line":1,"column":28}},"loc":{"start":{"line":9,"column":1},"end":{"line":15,"column":1}}}},"branchMap":{"0":{"loc":{"start":{"line":11,"column":39},"end":{"line":11,"column":64}},"type":"cond-expr","locations":[{"start":{"line":11,"column":50},"end":{"line":11,"column":59}},{"start":{"line":11,"column":62},"end":{"line":11,"column":64}}]}},"s":{"0":1,"1":34},"f":{"0":34},"b":{"0":[0,34]}}
,"D:\\Machine Coding Questions\\Tic Tac Toe\\React\\src\\components\\Game.tsx": {"path":"D:\\Machine Coding Questions\\Tic Tac Toe\\React\\src\\components\\Game.tsx","statementMap":{"0":{"start":{"line":9,"column":0},"end":{"line":9,"column":24}},"1":{"start":{"line":1,"column":0},"end":{"line":1,"column":46}},"2":{"start":{"line":2,"column":0},"end":{"line":2,"column":26}},"3":{"start":{"line":10,"column":36},"end":{"line":11,"column":null}},"4":{"start":{"line":11,"column":45},"end":{"line":11,"column":75}},"5":{"start":{"line":13,"column":42},"end":{"line":18,"column":4}},"6":{"start":{"line":19,"column":30},"end":{"line":19,"column":54}},"7":{"start":{"line":20,"column":30},"end":{"line":20,"column":71}},"8":{"start":{"line":21,"column":36},"end":{"line":21,"column":55}},"9":{"start":{"line":23,"column":23},"end":{"line":61,"column":null}},"10":{"start":{"line":30,"column":23},"end":{"line":30,"column":51}},"11":{"start":{"line":30,"column":44},"end":{"line":30,"column":50}},"12":{"start":{"line":31,"column":6},"end":{"line":31,"column":37}},"13":{"start":{"line":32,"column":6},"end":{"line":32,"column":29}},"14":{"start":{"line":34,"column":20},"end":{"line":34,"column":46}},"15":{"start":{"line":36,"column":22},"end":{"line":50,"column":8}},"16":{"start":{"line":51,"column":6},"end":{"line":51,"column":31}},"17":{"start":{"line":52,"column":6},"end":{"line":59,"column":7}},"18":{"start":{"line":53,"column":8},"end":{"line":53,"column":29}},"19":{"start":{"line":54,"column":13},"end":{"line":59,"column":7}},"20":{"start":{"line":55,"column":8},"end":{"line":55,"column":26}},"21":{"start":{"line":57,"column":8},"end":{"line":57,"column":66}},"22":{"start":{"line":57,"column":34},"end":{"line":57,"column":63}},"23":{"start":{"line":58,"column":8},"end":{"line":58,"column":41}},"24":{"start":{"line":58,"column":31},"end":{"line":58,"column":39}},"25":{"start":{"line":64,"column":22},"end":{"line":77,"column":5}},"26":{"start":{"line":69,"column":43},"end":{"line":69,"column":51}},"27":{"start":{"line":70,"column":4},"end":{"line":75,"column":6}},"28":{"start":{"line":79,"column":16},"end":{"line":92,"column":8}},"29":{"start":{"line":80,"column":4},"end":{"line":85,"column":7}},"30":{"start":{"line":86,"column":4},"end":{"line":86,"column":20}},"31":{"start":{"line":87,"column":4},"end":{"line":89,"column":6}},"32":{"start":{"line":88,"column":47},"end":{"line":88,"column":77}},"33":{"start":{"line":90,"column":4},"end":{"line":90,"column":null}},"34":{"start":{"line":91,"column":4},"end":{"line":91,"column":null}},"35":{"start":{"line":94,"column":2},"end":{"line":117,"column":4}},"36":{"start":{"line":98,"column":10},"end":{"line":98,"column":null}},"37":{"start":{"line":100,"column":14},"end":{"line":101,"column":null}},"38":{"start":{"line":103,"column":18},"end":{"line":103,"column":65}}},"fnMap":{"0":{"name":"Game","decl":{"start":{"line":9,"column":24},"end":{"line":9,"column":28}},"loc":{"start":{"line":9,"column":59},"end":{"line":118,"column":1}}},"1":{"name":"(anonymous_2)","decl":{"start":{"line":11,"column":39},"end":{"line":11,"column":42}},"loc":{"start":{"line":11,"column":45},"end":{"line":11,"column":75}}},"2":{"name":"(anonymous_3)","decl":{"start":{"line":24,"column":4},"end":{"line":24,"column":null}},"loc":{"start":{"line":29,"column":8},"end":{"line":60,"column":5}}},"3":{"name":"(anonymous_4)","decl":{"start":{"line":30,"column":37},"end":{"line":30,"column":38}},"loc":{"start":{"line":30,"column":44},"end":{"line":30,"column":50}}},"4":{"name":"(anonymous_5)","decl":{"start":{"line":57,"column":18},"end":{"line":57,"column":19}},"loc":{"start":{"line":57,"column":34},"end":{"line":57,"column":63}}},"5":{"name":"(anonymous_6)","decl":{"start":{"line":58,"column":21},"end":{"line":58,"column":22}},"loc":{"start":{"line":58,"column":31},"end":{"line":58,"column":39}}},"6":{"name":"checkWinner","decl":{"start":{"line":64,"column":43},"end":{"line":64,"column":54}},"loc":{"start":{"line":67,"column":26},"end":{"line":76,"column":3}}},"7":{"name":"reset","decl":{"start":{"line":79,"column":37},"end":{"line":79,"column":42}},"loc":{"start":{"line":79,"column":42},"end":{"line":92,"column":3}}},"8":{"name":"(anonymous_9)","decl":{"start":{"line":88,"column":41},"end":{"line":88,"column":44}},"loc":{"start":{"line":88,"column":47},"end":{"line":88,"column":77}}},"9":{"name":"(anonymous_10)","decl":{"start":{"line":97,"column":23},"end":{"line":97,"column":24}},"loc":{"start":{"line":98,"column":10},"end":{"line":98,"column":null}}},"10":{"name":"(anonymous_11)","decl":{"start":{"line":99,"column":21},"end":{"line":99,"column":22}},"loc":{"start":{"line":100,"column":14},"end":{"line":101,"column":null}}},"11":{"name":"(anonymous_12)","decl":{"start":{"line":102,"column":30},"end":{"line":102,"column":33}},"loc":{"start":{"line":103,"column":18},"end":{"line":103,"column":65}}}},"branchMap":{"0":{"loc":{"start":{"line":9,"column":30},"end":{"line":9,"column":40}},"type":"default-arg","locations":[{"start":{"line":9,"column":39},"end":{"line":9,"column":40}}]},"1":{"loc":{"start":{"line":34,"column":20},"end":{"line":34,"column":46}},"type":"cond-expr","locations":[{"start":{"line":34,"column":40},"end":{"line":34,"column":41}},{"start":{"line":34,"column":44},"end":{"line":34,"column":46}}]},"2":{"loc":{"start":{"line":39,"column":18},"end":{"line":39,"column":48}},"type":"binary-expr","locations":[{"start":{"line":39,"column":18},"end":{"line":39,"column":43}},{"start":{"line":39,"column":47},"end":{"line":39,"column":48}}]},"3":{"loc":{"start":{"line":43,"column":18},"end":{"line":43,"column":48}},"type":"binary-expr","locations":[{"start":{"line":43,"column":18},"end":{"line":43,"column":43}},{"start":{"line":43,"column":47},"end":{"line":43,"column":48}}]},"4":{"loc":{"start":{"line":45,"column":14},"end":{"line":45,"column":79}},"type":"cond-expr","locations":[{"start":{"line":45,"column":28},"end":{"line":45,"column":56}},{"start":{"line":45,"column":59},"end":{"line":45,"column":79}}]},"5":{"loc":{"start":{"line":47,"column":10},"end":{"line":49,"column":38}},"type":"cond-expr","locations":[{"start":{"line":48,"column":14},"end":{"line":48,"column":46}},{"start":{"line":49,"column":14},"end":{"line":49,"column":38}}]},"6":{"loc":{"start":{"line":52,"column":6},"end":{"line":59,"column":7}},"type":"if","locations":[{"start":{"line":52,"column":6},"end":{"line":59,"column":7}},{"start":{"line":54,"column":13},"end":{"line":59,"column":7}}]},"7":{"loc":{"start":{"line":54,"column":13},"end":{"line":59,"column":7}},"type":"if","locations":[{"start":{"line":54,"column":13},"end":{"line":59,"column":7}},{"start":{"line":56,"column":13},"end":{"line":59,"column":7}}]},"8":{"loc":{"start":{"line":57,"column":34},"end":{"line":57,"column":63}},"type":"cond-expr","locations":[{"start":{"line":57,"column":54},"end":{"line":57,"column":57}},{"start":{"line":57,"column":60},"end":{"line":57,"column":63}}]},"9":{"loc":{"start":{"line":71,"column":6},"end":{"line":74,"column":45}},"type":"binary-expr","locations":[{"start":{"line":71,"column":6},"end":{"line":71,"column":46}},{"start":{"line":72,"column":6},"end":{"line":72,"column":46}},{"start":{"line":73,"column":6},"end":{"line":73,"column":41}},{"start":{"line":74,"column":6},"end":{"line":74,"column":45}}]},"10":{"loc":{"start":{"line":106,"column":26},"end":{"line":106,"column":56}},"type":"cond-expr","locations":[{"start":{"line":106,"column":44},"end":{"line":106,"column":49}},{"start":{"line":106,"column":52},"end":{"line":106,"column":56}}]}},"s":{"0":1,"1":1,"2":1,"3":3,"4":10,"5":3,"6":3,"7":3,"8":3,"9":3,"10":0,"11":0,"12":0,"13":0,"14":0,"15":0,"16":0,"17":0,"18":0,"19":0,"20":0,"21":0,"22":0,"23":0,"24":0,"25":3,"26":0,"27":0,"28":3,"29":0,"30":0,"31":0,"32":0,"33":0,"34":0,"35":3,"36":10,"37":34,"38":0},"f":{"0":3,"1":10,"2":0,"3":0,"4":0,"5":0,"6":0,"7":0,"8":0,"9":10,"10":34,"11":0},"b":{"0":[0],"1":[0,0],"2":[0,0],"3":[0,0],"4":[0,0],"5":[0,0],"6":[0,0],"7":[0,0],"8":[0,0],"9":[0,0,0,0],"10":[34,0]}}
}
