{"D:\\Machine Coding Questions\\Tic Tac Toe\\React\\src\\App.tsx": {"path":"D:\\Machine Coding Questions\\Tic Tac Toe\\React\\src\\App.tsx","statementMap":{"0":{"start":{"line":1,"column":0},"end":{"line":1,"column":36}},"1":{"start":{"line":2,"column":0},"end":{"line":2,"column":18}},"2":{"start":{"line":6,"column":2},"end":{"line":10,"column":null}},"3":{"start":{"line":13,"column":0},"end":{"line":13,"column":null}}},"fnMap":{"0":{"name":"App","decl":{"start":{"line":4,"column":9},"end":{"line":4,"column":12}},"loc":{"start":{"line":4,"column":12},"end":{"line":11,"column":1}}}},"branchMap":{},"s":{"0":0,"1":0,"2":0,"3":0},"f":{"0":0},"b":{}}
,"D:\\Machine Coding Questions\\Tic Tac Toe\\React\\src\\main.tsx": {"path":"D:\\Machine Coding Questions\\Tic Tac Toe\\React\\src\\main.tsx","statementMap":{"0":{"start":{"line":1,"column":0},"end":{"line":1,"column":34}},"1":{"start":{"line":2,"column":0},"end":{"line":2,"column":45}},"2":{"start":{"line":3,"column":0},"end":{"line":3,"column":27}},"3":{"start":{"line":4,"column":0},"end":{"line":4,"column":20}},"4":{"start":{"line":6,"column":0},"end":{"line":10,"column":null}}},"fnMap":{},"branchMap":{},"s":{"0":0,"1":0,"2":0,"3":0,"4":0},"f":{},"b":{}}
,"D:\\Machine Coding Questions\\Tic Tac Toe\\React\\src\\components\\Cell.tsx": {"path":"D:\\Machine Coding Questions\\Tic Tac Toe\\React\\src\\components\\Cell.tsx","statementMap":{"0":{"start":{"line":1,"column":0},"end":{"line":1,"column":24}},"1":{"start":{"line":10,"column":2},"end":{"line":14,"column":4}}},"fnMap":{"0":{"name":"Cell","decl":{"start":{"line":1,"column":24},"end":{"line":1,"column":28}},"loc":{"start":{"line":9,"column":1},"end":{"line":15,"column":1}}}},"branchMap":{"0":{"loc":{"start":{"line":11,"column":39},"end":{"line":11,"column":64}},"type":"cond-expr","locations":[{"start":{"line":11,"column":50},"end":{"line":11,"column":59}},{"start":{"line":11,"column":62},"end":{"line":11,"column":64}}]}},"s":{"0":1,"1":25},"f":{"0":25},"b":{"0":[0,25]}}
,"D:\\Machine Coding Questions\\Tic Tac Toe\\React\\src\\components\\Game.tsx": {"path":"D:\\Machine Coding Questions\\Tic Tac Toe\\React\\src\\components\\Game.tsx","statementMap":{"0":{"start":{"line":9,"column":0},"end":{"line":9,"column":24}},"1":{"start":{"line":1,"column":0},"end":{"line":1,"column":46}},"2":{"start":{"line":2,"column":0},"end":{"line":2,"column":26}},"3":{"start":{"line":10,"column":36},"end":{"line":11,"column":null}},"4":{"start":{"line":11,"column":45},"end":{"line":11,"column":75}},"5":{"start":{"line":13,"column":42},"end":{"line":18,"column":4}},"6":{"start":{"line":19,"column":30},"end":{"line":19,"column":54}},"7":{"start":{"line":20,"column":30},"end":{"line":20,"column":71}},"8":{"start":{"line":21,"column":36},"end":{"line":21,"column":55}},"9":{"start":{"line":23,"column":23},"end":{"line":59,"column":null}},"10":{"start":{"line":30,"column":20},"end":{"line":30,"column":46}},"11":{"start":{"line":31,"column":23},"end":{"line":31,"column":51}},"12":{"start":{"line":31,"column":44},"end":{"line":31,"column":50}},"13":{"start":{"line":32,"column":6},"end":{"line":32,"column":37}},"14":{"start":{"line":33,"column":6},"end":{"line":33,"column":29}},"15":{"start":{"line":34,"column":22},"end":{"line":48,"column":8}},"16":{"start":{"line":49,"column":6},"end":{"line":49,"column":31}},"17":{"start":{"line":50,"column":6},"end":{"line":57,"column":7}},"18":{"start":{"line":51,"column":8},"end":{"line":51,"column":29}},"19":{"start":{"line":52,"column":13},"end":{"line":57,"column":7}},"20":{"start":{"line":53,"column":8},"end":{"line":53,"column":26}},"21":{"start":{"line":55,"column":8},"end":{"line":55,"column":66}},"22":{"start":{"line":55,"column":34},"end":{"line":55,"column":63}},"23":{"start":{"line":56,"column":8},"end":{"line":56,"column":41}},"24":{"start":{"line":56,"column":31},"end":{"line":56,"column":39}},"25":{"start":{"line":62,"column":22},"end":{"line":75,"column":5}},"26":{"start":{"line":67,"column":43},"end":{"line":67,"column":51}},"27":{"start":{"line":68,"column":4},"end":{"line":73,"column":6}},"28":{"start":{"line":77,"column":16},"end":{"line":90,"column":8}},"29":{"start":{"line":78,"column":4},"end":{"line":83,"column":7}},"30":{"start":{"line":84,"column":4},"end":{"line":84,"column":20}},"31":{"start":{"line":85,"column":4},"end":{"line":87,"column":6}},"32":{"start":{"line":86,"column":47},"end":{"line":86,"column":77}},"33":{"start":{"line":88,"column":4},"end":{"line":88,"column":null}},"34":{"start":{"line":89,"column":4},"end":{"line":89,"column":null}},"35":{"start":{"line":92,"column":2},"end":{"line":115,"column":4}},"36":{"start":{"line":96,"column":10},"end":{"line":96,"column":null}},"37":{"start":{"line":98,"column":14},"end":{"line":99,"column":null}},"38":{"start":{"line":101,"column":18},"end":{"line":101,"column":65}}},"fnMap":{"0":{"name":"Game","decl":{"start":{"line":9,"column":24},"end":{"line":9,"column":28}},"loc":{"start":{"line":9,"column":57},"end":{"line":116,"column":1}}},"1":{"name":"(anonymous_2)","decl":{"start":{"line":11,"column":39},"end":{"line":11,"column":42}},"loc":{"start":{"line":11,"column":45},"end":{"line":11,"column":75}}},"2":{"name":"(anonymous_3)","decl":{"start":{"line":24,"column":4},"end":{"line":24,"column":null}},"loc":{"start":{"line":29,"column":8},"end":{"line":58,"column":5}}},"3":{"name":"(anonymous_4)","decl":{"start":{"line":31,"column":37},"end":{"line":31,"column":38}},"loc":{"start":{"line":31,"column":44},"end":{"line":31,"column":50}}},"4":{"name":"(anonymous_5)","decl":{"start":{"line":55,"column":18},"end":{"line":55,"column":19}},"loc":{"start":{"line":55,"column":34},"end":{"line":55,"column":63}}},"5":{"name":"(anonymous_6)","decl":{"start":{"line":56,"column":21},"end":{"line":56,"column":22}},"loc":{"start":{"line":56,"column":31},"end":{"line":56,"column":39}}},"6":{"name":"checkWinner","decl":{"start":{"line":62,"column":43},"end":{"line":62,"column":54}},"loc":{"start":{"line":65,"column":26},"end":{"line":74,"column":3}}},"7":{"name":"reset","decl":{"start":{"line":77,"column":37},"end":{"line":77,"column":42}},"loc":{"start":{"line":77,"column":42},"end":{"line":90,"column":3}}},"8":{"name":"(anonymous_9)","decl":{"start":{"line":86,"column":41},"end":{"line":86,"column":44}},"loc":{"start":{"line":86,"column":47},"end":{"line":86,"column":77}}},"9":{"name":"(anonymous_10)","decl":{"start":{"line":95,"column":23},"end":{"line":95,"column":24}},"loc":{"start":{"line":96,"column":10},"end":{"line":96,"column":null}}},"10":{"name":"(anonymous_11)","decl":{"start":{"line":97,"column":21},"end":{"line":97,"column":22}},"loc":{"start":{"line":98,"column":14},"end":{"line":99,"column":null}}},"11":{"name":"(anonymous_12)","decl":{"start":{"line":100,"column":30},"end":{"line":100,"column":33}},"loc":{"start":{"line":101,"column":18},"end":{"line":101,"column":65}}}},"branchMap":{"0":{"loc":{"start":{"line":30,"column":20},"end":{"line":30,"column":46}},"type":"cond-expr","locations":[{"start":{"line":30,"column":40},"end":{"line":30,"column":41}},{"start":{"line":30,"column":44},"end":{"line":30,"column":46}}]},"1":{"loc":{"start":{"line":37,"column":18},"end":{"line":37,"column":48}},"type":"binary-expr","locations":[{"start":{"line":37,"column":18},"end":{"line":37,"column":43}},{"start":{"line":37,"column":47},"end":{"line":37,"column":48}}]},"2":{"loc":{"start":{"line":41,"column":18},"end":{"line":41,"column":48}},"type":"binary-expr","locations":[{"start":{"line":41,"column":18},"end":{"line":41,"column":43}},{"start":{"line":41,"column":47},"end":{"line":41,"column":48}}]},"3":{"loc":{"start":{"line":43,"column":14},"end":{"line":43,"column":79}},"type":"cond-expr","locations":[{"start":{"line":43,"column":28},"end":{"line":43,"column":56}},{"start":{"line":43,"column":59},"end":{"line":43,"column":79}}]},"4":{"loc":{"start":{"line":45,"column":10},"end":{"line":47,"column":38}},"type":"cond-expr","locations":[{"start":{"line":46,"column":14},"end":{"line":46,"column":46}},{"start":{"line":47,"column":14},"end":{"line":47,"column":38}}]},"5":{"loc":{"start":{"line":50,"column":6},"end":{"line":57,"column":7}},"type":"if","locations":[{"start":{"line":50,"column":6},"end":{"line":57,"column":7}},{"start":{"line":52,"column":13},"end":{"line":57,"column":7}}]},"6":{"loc":{"start":{"line":52,"column":13},"end":{"line":57,"column":7}},"type":"if","locations":[{"start":{"line":52,"column":13},"end":{"line":57,"column":7}},{"start":{"line":54,"column":13},"end":{"line":57,"column":7}}]},"7":{"loc":{"start":{"line":55,"column":34},"end":{"line":55,"column":63}},"type":"cond-expr","locations":[{"start":{"line":55,"column":54},"end":{"line":55,"column":57}},{"start":{"line":55,"column":60},"end":{"line":55,"column":63}}]},"8":{"loc":{"start":{"line":69,"column":6},"end":{"line":72,"column":45}},"type":"binary-expr","locations":[{"start":{"line":69,"column":6},"end":{"line":69,"column":46}},{"start":{"line":70,"column":6},"end":{"line":70,"column":46}},{"start":{"line":71,"column":6},"end":{"line":71,"column":41}},{"start":{"line":72,"column":6},"end":{"line":72,"column":45}}]},"9":{"loc":{"start":{"line":104,"column":26},"end":{"line":104,"column":56}},"type":"cond-expr","locations":[{"start":{"line":104,"column":44},"end":{"line":104,"column":49}},{"start":{"line":104,"column":52},"end":{"line":104,"column":56}}]}},"s":{"0":1,"1":1,"2":1,"3":2,"4":7,"5":2,"6":2,"7":2,"8":2,"9":2,"10":0,"11":0,"12":0,"13":0,"14":0,"15":0,"16":0,"17":0,"18":0,"19":0,"20":0,"21":0,"22":0,"23":0,"24":0,"25":2,"26":0,"27":0,"28":2,"29":0,"30":0,"31":0,"32":0,"33":0,"34":0,"35":2,"36":7,"37":25,"38":0},"f":{"0":2,"1":7,"2":0,"3":0,"4":0,"5":0,"6":0,"7":0,"8":0,"9":7,"10":25,"11":0},"b":{"0":[0,0],"1":[0,0],"2":[0,0],"3":[0,0],"4":[0,0],"5":[0,0],"6":[0,0],"7":[0,0],"8":[0,0,0,0],"9":[25,0]}}
}
