TN:
SF:src\App.tsx
FN:4,App
FNF:1
FNH:0
FNDA:0,App
DA:1,0
DA:2,0
DA:6,0
DA:13,0
LF:4
LH:0
BRF:0
BRH:0
end_of_record
TN:
SF:src\main.tsx
FNF:0
FNH:0
DA:1,0
DA:2,0
DA:3,0
DA:4,0
DA:6,0
LF:5
LH:0
BRF:0
BRH:0
end_of_record
TN:
SF:src\components\Cell.tsx
FN:1,Cell
FNF:1
FNH:1
FNDA:25,Cell
DA:1,1
DA:10,25
LF:2
LH:2
BRDA:11,0,0,0
BRDA:11,0,1,25
BRF:2
BRH:1
end_of_record
TN:
SF:src\components\Game.tsx
FN:9,Game
FN:11,(anonymous_2)
FN:24,(anonymous_3)
FN:31,(anonymous_4)
FN:55,(anonymous_5)
FN:56,(anonymous_6)
FN:62,checkWinner
FN:77,reset
FN:86,(anonymous_9)
FN:95,(anonymous_10)
FN:97,(anonymous_11)
FN:100,(anonymous_12)
FNF:12
FNH:4
FNDA:2,Game
FNDA:7,(anonymous_2)
FNDA:0,(anonymous_3)
FNDA:0,(anonymous_4)
FNDA:0,(anonymous_5)
FNDA:0,(anonymous_6)
FNDA:0,checkWinner
FNDA:0,reset
FNDA:0,(anonymous_9)
FNDA:7,(anonymous_10)
FNDA:25,(anonymous_11)
FNDA:0,(anonymous_12)
DA:1,1
DA:2,1
DA:9,1
DA:10,2
DA:11,7
DA:13,2
DA:19,2
DA:20,2
DA:21,2
DA:23,2
DA:30,0
DA:31,0
DA:32,0
DA:33,0
DA:34,0
DA:49,0
DA:50,0
DA:51,0
DA:52,0
DA:53,0
DA:55,0
DA:56,0
DA:62,2
DA:67,0
DA:68,0
DA:77,2
DA:78,0
DA:84,0
DA:85,0
DA:86,0
DA:88,0
DA:89,0
DA:92,2
DA:96,7
DA:98,25
DA:101,0
LF:36
LH:15
BRDA:30,0,0,0
BRDA:30,0,1,0
BRDA:37,1,0,0
BRDA:37,1,1,0
BRDA:41,2,0,0
BRDA:41,2,1,0
BRDA:43,3,0,0
BRDA:43,3,1,0
BRDA:45,4,0,0
BRDA:45,4,1,0
BRDA:50,5,0,0
BRDA:50,5,1,0
BRDA:52,6,0,0
BRDA:52,6,1,0
BRDA:55,7,0,0
BRDA:55,7,1,0
BRDA:69,8,0,0
BRDA:69,8,1,0
BRDA:69,8,2,0
BRDA:69,8,3,0
BRDA:104,9,0,25
BRDA:104,9,1,0
BRF:22
BRH:1
end_of_record
