TN:
SF:src\App.tsx
FN:4,App
FNF:1
FNH:1
FNDA:1,App
DA:1,1
DA:2,1
DA:6,1
DA:20,1
LF:4
LH:4
BRF:0
BRH:0
end_of_record
TN:
SF:src\main.tsx
FNF:0
FNH:0
DA:1,0
DA:2,0
DA:3,0
DA:4,0
DA:6,0
LF:5
LH:0
BRF:0
BRH:0
end_of_record
TN:
SF:src\components\Cell.tsx
FN:1,Cell
FNF:1
FNH:1
FNDA:34,Cell
DA:1,1
DA:10,34
LF:2
LH:2
BRDA:11,0,0,0
BRDA:11,0,1,34
BRF:2
BRH:1
end_of_record
TN:
SF:src\components\Game.tsx
FN:9,Game
FN:11,(anonymous_2)
FN:24,(anonymous_3)
FN:30,(anonymous_4)
FN:57,(anonymous_5)
FN:58,(anonymous_6)
FN:64,checkWinner
FN:79,reset
FN:88,(anonymous_9)
FN:97,(anonymous_10)
FN:99,(anonymous_11)
FN:102,(anonymous_12)
FNF:12
FNH:4
FNDA:3,Game
FNDA:10,(anonymous_2)
FNDA:0,(anonymous_3)
FNDA:0,(anonymous_4)
FNDA:0,(anonymous_5)
FNDA:0,(anonymous_6)
FNDA:0,checkWinner
FNDA:0,reset
FNDA:0,(anonymous_9)
FNDA:10,(anonymous_10)
FNDA:34,(anonymous_11)
FNDA:0,(anonymous_12)
DA:1,1
DA:2,1
DA:9,1
DA:10,3
DA:11,10
DA:13,3
DA:19,3
DA:20,3
DA:21,3
DA:23,3
DA:30,0
DA:31,0
DA:32,0
DA:34,0
DA:36,0
DA:51,0
DA:52,0
DA:53,0
DA:54,0
DA:55,0
DA:57,0
DA:58,0
DA:64,3
DA:69,0
DA:70,0
DA:79,3
DA:80,0
DA:86,0
DA:87,0
DA:88,0
DA:90,0
DA:91,0
DA:94,3
DA:98,10
DA:100,34
DA:103,0
LF:36
LH:15
BRDA:9,0,0,0
BRDA:34,1,0,0
BRDA:34,1,1,0
BRDA:39,2,0,0
BRDA:39,2,1,0
BRDA:43,3,0,0
BRDA:43,3,1,0
BRDA:45,4,0,0
BRDA:45,4,1,0
BRDA:47,5,0,0
BRDA:47,5,1,0
BRDA:52,6,0,0
BRDA:52,6,1,0
BRDA:54,7,0,0
BRDA:54,7,1,0
BRDA:57,8,0,0
BRDA:57,8,1,0
BRDA:71,9,0,0
BRDA:71,9,1,0
BRDA:71,9,2,0
BRDA:71,9,3,0
BRDA:106,10,0,34
BRDA:106,10,1,0
BRF:23
BRH:1
end_of_record
